This file contains any messages produced by compilers while
running configure, to aid debugging if configure makes a mistake.

It was created by gc configure 7.2, which was
generated by GNU Autoconf 2.69.  Invocation command line was

  $ ./configure 

## --------- ##
## Platform. ##
## --------- ##

hostname = client-eduroam375.canalip.upmc.fr
uname -m = x86_64
uname -r = 18.2.0
uname -s = Darwin
uname -v = Darwin Kernel Version 18.2.0: Fri Oct  5 19:41:49 PDT 2018; root:xnu-4903.221.2~2/RELEASE_X86_64

/usr/bin/uname -p = i386
/bin/uname -X     = unknown

/bin/arch              = unknown
/usr/bin/arch -k       = unknown
/usr/convex/getsysinfo = unknown
/usr/bin/hostinfo      = Mach kernel version:
	 Darwin Kernel Version 18.2.0: Fri Oct  5 19:41:49 PDT 2018; root:xnu-4903.221.2~2/RELEASE_X86_64
Kernel configured for up to 4 processors.
2 processors are physically available.
4 processors are logically available.
Processor type: x86_64h (Intel x86-64h Haswell)
Processors active: 0 1 2 3
Primary memory available: 8.00 gigabytes
Default processor set: 394 tasks, 1410 threads, 4 processors
Load average: 3.57, Mach factor: 1.59
/bin/machine           = unknown
/usr/bin/oslevel       = unknown
/bin/universe          = unknown

PATH: /Users/julienxavier/.opam/4.06.0/bin
PATH: /usr/local/bin
PATH: /usr/bin
PATH: /bin
PATH: /usr/sbin
PATH: /sbin
PATH: /opt/X11/bin


## ----------- ##
## Core tests. ##
## ----------- ##

configure:2494: checking build system type
configure:2508: result: x86_64-apple-darwin18.2.0
configure:2528: checking host system type
configure:2541: result: x86_64-apple-darwin18.2.0
configure:2561: checking target system type
configure:2574: result: x86_64-apple-darwin18.2.0
configure:2603: checking GC version numbers
configure:2642: result: major=7 minor=2 
configure:2662: checking for a BSD-compatible install
configure:2730: result: /usr/bin/install -c
configure:2741: checking whether build environment is sane
configure:2796: result: yes
configure:2947: checking for a thread-safe mkdir -p
configure:2986: result: ./install-sh -c -d
configure:2993: checking for gawk
configure:3023: result: no
configure:2993: checking for mawk
configure:3023: result: no
configure:2993: checking for nawk
configure:3023: result: no
configure:2993: checking for awk
configure:3009: found /usr/bin/awk
configure:3020: result: awk
configure:3031: checking whether make sets $(MAKE)
configure:3053: result: yes
configure:3082: checking whether make supports nested variables
configure:3099: result: yes
configure:3227: checking whether to enable maintainer-specific portions of Makefiles
configure:3236: result: no
configure:3265: checking for style of include used by make
configure:3293: result: GNU
configure:3364: checking for gcc
configure:3380: found /usr/bin/gcc
configure:3391: result: gcc
configure:3620: checking for C compiler version
configure:3629: gcc --version >&5
Apple LLVM version 10.0.0 (clang-1000.10.44.4)
Target: x86_64-apple-darwin18.2.0
Thread model: posix
InstalledDir: /Library/Developer/CommandLineTools/usr/bin
Configured with: --prefix=/Library/Developer/CommandLineTools/usr --with-gxx-include-dir=/usr/include/c++/4.2.1
configure:3640: $? = 0
configure:3629: gcc -v >&5
Configured with: --prefix=/Library/Developer/CommandLineTools/usr --with-gxx-include-dir=/usr/include/c++/4.2.1
Apple LLVM version 10.0.0 (clang-1000.10.44.4)
Target: x86_64-apple-darwin18.2.0
Thread model: posix
InstalledDir: /Library/Developer/CommandLineTools/usr/bin
configure:3640: $? = 0
configure:3629: gcc -V >&5
clang: error: argument to '-V' is missing (expected 1 value)
clang: error: no input files
configure:3640: $? = 1
configure:3629: gcc -qversion >&5
clang: error: unknown argument: '-qversion'
clang: error: no input files
configure:3640: $? = 1
configure:3660: checking whether the C compiler works
configure:3682: gcc    conftest.c  >&5
configure:3686: $? = 0
configure:3734: result: yes
configure:3737: checking for C compiler default output file name
configure:3739: result: a.out
configure:3745: checking for suffix of executables
configure:3752: gcc -o conftest    conftest.c  >&5
configure:3756: $? = 0
configure:3778: result: 
configure:3800: checking whether we are cross compiling
configure:3808: gcc -o conftest    conftest.c  >&5
configure:3812: $? = 0
configure:3819: ./conftest
configure:3823: $? = 0
configure:3838: result: no
configure:3843: checking for suffix of object files
configure:3865: gcc -c   conftest.c >&5
configure:3869: $? = 0
configure:3890: result: o
configure:3894: checking whether we are using the GNU C compiler
configure:3913: gcc -c   conftest.c >&5
configure:3913: $? = 0
configure:3922: result: yes
configure:3931: checking whether gcc accepts -g
configure:3951: gcc -c -g  conftest.c >&5
configure:3951: $? = 0
configure:3992: result: yes
configure:4009: checking for gcc option to accept ISO C89
configure:4072: gcc  -c -g -O2  conftest.c >&5
configure:4072: $? = 0
configure:4085: result: none needed
configure:4110: checking whether gcc understands -c and -o together
configure:4132: gcc -c conftest.c -o conftest2.o
configure:4135: $? = 0
configure:4132: gcc -c conftest.c -o conftest2.o
configure:4135: $? = 0
configure:4147: result: yes
configure:4166: checking dependency style of gcc
configure:4277: result: gcc3
configure:4351: checking for g++
configure:4367: found /usr/bin/g++
configure:4378: result: g++
configure:4405: checking for C++ compiler version
configure:4414: g++ --version >&5
Apple LLVM version 10.0.0 (clang-1000.10.44.4)
Target: x86_64-apple-darwin18.2.0
Thread model: posix
InstalledDir: /Library/Developer/CommandLineTools/usr/bin
Configured with: --prefix=/Library/Developer/CommandLineTools/usr --with-gxx-include-dir=/usr/include/c++/4.2.1
configure:4425: $? = 0
configure:4414: g++ -v >&5
Configured with: --prefix=/Library/Developer/CommandLineTools/usr --with-gxx-include-dir=/usr/include/c++/4.2.1
Apple LLVM version 10.0.0 (clang-1000.10.44.4)
Target: x86_64-apple-darwin18.2.0
Thread model: posix
InstalledDir: /Library/Developer/CommandLineTools/usr/bin
configure:4425: $? = 0
configure:4414: g++ -V >&5
clang: error: argument to '-V' is missing (expected 1 value)
clang: error: no input files
configure:4425: $? = 1
configure:4414: g++ -qversion >&5
clang: error: unknown argument: '-qversion'
clang: error: no input files
configure:4425: $? = 1
configure:4429: checking whether we are using the GNU C++ compiler
configure:4448: g++ -c   conftest.cpp >&5
configure:4448: $? = 0
configure:4457: result: yes
configure:4466: checking whether g++ accepts -g
configure:4486: g++ -c -g  conftest.cpp >&5
configure:4486: $? = 0
configure:4527: result: yes
configure:4552: checking dependency style of g++
configure:4663: result: gcc3
configure:4688: checking dependency style of gcc
configure:4797: result: gcc3
configure:4824: checking for thread model used by GCC
configure:4838: result: posix
configure:4886: checking for inline
configure:4902: gcc -c -g -O2  conftest.c >&5
configure:4902: $? = 0
configure:4910: result: inline
configure:4938: checking for pthread_self in -lpthread
configure:4963: gcc -o conftest -g -O2   conftest.c -lpthread   >&5
configure:4963: $? = 0
configure:4972: result: yes
configure:5135: WARNING: "Explicit GC_INIT() calls may be required."
configure:5288: checking for xlc
configure:5305: gcc -c -g -O2  conftest.c >&5
conftest.c:21:4: error: 
 # error
   ^
1 error generated.
configure:5305: $? = 1
configure: failed program was:
| /* confdefs.h */
| #define PACKAGE_NAME "gc"
| #define PACKAGE_TARNAME "gc"
| #define PACKAGE_VERSION "7.2"
| #define PACKAGE_STRING "gc 7.2"
| #define PACKAGE_BUGREPORT "bdwgc@lists.opendylan.org"
| #define PACKAGE_URL ""
| #define GC_VERSION_MAJOR 7
| #define GC_VERSION_MINOR 2
| #define PACKAGE "gc"
| #define VERSION "7.2"
| #define GC_DARWIN_THREADS 1
| #define THREAD_LOCAL_ALLOC 1
| /* end confdefs.h.  */
| 
| int
| main ()
| {
| 
|  #ifndef __xlC__
|  # error
|  #endif
| 
|   ;
|   return 0;
| }
configure:5311: result: no
configure:5330: checking whether gcc supports -fno-strict-aliasing
configure:5356: gcc -c -g -O2 -fno-strict-aliasing  conftest.c >&5
configure:5356: $? = 0
configure:5365: result: yes
configure:5489: checking whether to build shared libraries
configure:5531: result: yes
configure:5545: checking which machine-dependent code should be used
configure:5607: result: 
configure:5661: checking how to print strings
configure:5688: result: printf
configure:5709: checking for a sed that does not truncate output
configure:5773: result: /usr/bin/sed
configure:5791: checking for grep that handles long lines and -e
configure:5849: result: /usr/bin/grep
configure:5854: checking for egrep
configure:5916: result: /usr/bin/grep -E
configure:5921: checking for fgrep
configure:5983: result: /usr/bin/grep -F
configure:6018: checking for ld used by gcc
configure:6085: result: /Library/Developer/CommandLineTools/usr/bin/ld
configure:6092: checking if the linker (/Library/Developer/CommandLineTools/usr/bin/ld) is GNU ld
configure:6107: result: no
configure:6119: checking for BSD- or MS-compatible name lister (nm)
configure:6168: result: /usr/bin/nm -B
configure:6298: checking the name lister (/usr/bin/nm -B) interface
configure:6305: gcc -c -g -O2 -fno-strict-aliasing  conftest.c >&5
configure:6308: /usr/bin/nm -B "conftest.o"
configure:6311: output
00000000000001e8 S _some_variable
configure:6318: result: BSD nm
configure:6321: checking whether ln -s works
configure:6325: result: yes
configure:6333: checking the maximum length of command line arguments
configure:6464: result: 196608
configure:6512: checking how to convert x86_64-apple-darwin18.2.0 file names to x86_64-apple-darwin18.2.0 format
configure:6552: result: func_convert_file_noop
configure:6559: checking how to convert x86_64-apple-darwin18.2.0 file names to toolchain format
configure:6579: result: func_convert_file_noop
configure:6586: checking for /Library/Developer/CommandLineTools/usr/bin/ld option to reload object files
configure:6593: result: -r
configure:6667: checking for objdump
configure:6683: found /usr/bin/objdump
configure:6694: result: objdump
configure:6726: checking how to recognize dependent libraries
configure:6923: result: pass_all
configure:7008: checking for dlltool
configure:7038: result: no
configure:7068: checking how to associate runtime and link libraries
configure:7095: result: printf %s\n
configure:7155: checking for ar
configure:7171: found /usr/bin/ar
configure:7182: result: ar
configure:7219: checking for archiver @FILE support
configure:7236: gcc -c -g -O2 -fno-strict-aliasing  conftest.c >&5
configure:7236: $? = 0
configure:7239: ar cru libconftest.a @conftest.lst >&5
ar: @conftest.lst: No such file or directory
configure:7242: $? = 1
configure:7262: result: no
configure:7320: checking for strip
configure:7336: found /usr/bin/strip
configure:7347: result: strip
configure:7419: checking for ranlib
configure:7435: found /usr/bin/ranlib
configure:7446: result: ranlib
configure:7548: checking command to parse /usr/bin/nm -B output from gcc object
configure:7701: gcc -c -g -O2 -fno-strict-aliasing  conftest.c >&5
configure:7704: $? = 0
configure:7708: /usr/bin/nm -B conftest.o \| sed -n -e 's/^.*[ ]\([BCDEGRST][BCDEGRST]*\)[ ][ ]*\([_A-Za-z][_A-Za-z0-9]*\)$/\1 \2 \2/p' | sed '/ __gnu_lto/d' \> conftest.nm
configure:7711: $? = 0
cannot find nm_test_var in conftest.nm
configure:7701: gcc -c -g -O2 -fno-strict-aliasing  conftest.c >&5
configure:7704: $? = 0
configure:7708: /usr/bin/nm -B conftest.o \| sed -n -e 's/^.*[ ]\([BCDEGRST][BCDEGRST]*\)[ ][ ]*_\([_A-Za-z][_A-Za-z0-9]*\)$/\1 _\2 \2/p' | sed '/ __gnu_lto/d' \> conftest.nm
configure:7711: $? = 0
configure:7777: gcc -o conftest -g -O2 -fno-strict-aliasing   conftest.c conftstm.o >&5
warning: (x86_64)  could not find object file symbol for symbol _main
configure:7780: $? = 0
configure:7818: result: ok
configure:7865: checking for sysroot
configure:7895: result: no
configure:8208: checking for mt
configure:8238: result: no
configure:8258: checking if : is a manifest tool
configure:8264: : '-?'
configure:8272: result: no
configure:8328: checking for dsymutil
configure:8344: found /usr/bin/dsymutil
configure:8355: result: dsymutil
configure:8420: checking for nmedit
configure:8436: found /usr/bin/nmedit
configure:8447: result: nmedit
configure:8512: checking for lipo
configure:8528: found /usr/bin/lipo
configure:8539: result: lipo
configure:8604: checking for otool
configure:8620: found /usr/bin/otool
configure:8631: result: otool
configure:8696: checking for otool64
configure:8726: result: no
configure:8771: checking for -single_module linker flag
gcc -g -O2 -fno-strict-aliasing  -o libconftest.dylib -dynamiclib -Wl,-single_module conftest.c
configure:8804: result: yes
configure:8807: checking for -exported_symbols_list linker flag
configure:8827: gcc -o conftest -g -O2 -fno-strict-aliasing   -Wl,-exported_symbols_list,conftest.sym conftest.c  >&5
configure:8827: $? = 0
configure:8837: result: yes
configure:8840: checking for -force_load linker flag
gcc -g -O2 -fno-strict-aliasing -c -o conftest.o conftest.c
ar cru libconftest.a conftest.o
ranlib libconftest.a
gcc -g -O2 -fno-strict-aliasing  -o conftest conftest.c -Wl,-force_load,./libconftest.a
configure:8872: result: yes
configure:8914: checking how to run the C preprocessor
configure:8945: gcc -E  conftest.c
configure:8945: $? = 0
configure:8959: gcc -E  conftest.c
conftest.c:15:10: fatal error: 'ac_nonexistent.h' file not found
#include <ac_nonexistent.h>
         ^~~~~~~~~~~~~~~~~~
1 error generated.
configure:8959: $? = 1
configure: failed program was:
| /* confdefs.h */
| #define PACKAGE_NAME "gc"
| #define PACKAGE_TARNAME "gc"
| #define PACKAGE_VERSION "7.2"
| #define PACKAGE_STRING "gc 7.2"
| #define PACKAGE_BUGREPORT "bdwgc@lists.opendylan.org"
| #define PACKAGE_URL ""
| #define GC_VERSION_MAJOR 7
| #define GC_VERSION_MINOR 2
| #define PACKAGE "gc"
| #define VERSION "7.2"
| #define GC_DARWIN_THREADS 1
| #define THREAD_LOCAL_ALLOC 1
| /* end confdefs.h.  */
| #include <ac_nonexistent.h>
configure:8984: result: gcc -E
configure:9004: gcc -E  conftest.c
configure:9004: $? = 0
configure:9018: gcc -E  conftest.c
conftest.c:15:10: fatal error: 'ac_nonexistent.h' file not found
#include <ac_nonexistent.h>
         ^~~~~~~~~~~~~~~~~~
1 error generated.
configure:9018: $? = 1
configure: failed program was:
| /* confdefs.h */
| #define PACKAGE_NAME "gc"
| #define PACKAGE_TARNAME "gc"
| #define PACKAGE_VERSION "7.2"
| #define PACKAGE_STRING "gc 7.2"
| #define PACKAGE_BUGREPORT "bdwgc@lists.opendylan.org"
| #define PACKAGE_URL ""
| #define GC_VERSION_MAJOR 7
| #define GC_VERSION_MINOR 2
| #define PACKAGE "gc"
| #define VERSION "7.2"
| #define GC_DARWIN_THREADS 1
| #define THREAD_LOCAL_ALLOC 1
| /* end confdefs.h.  */
| #include <ac_nonexistent.h>
configure:9047: checking for ANSI C header files
configure:9067: gcc -c -g -O2 -fno-strict-aliasing  conftest.c >&5
configure:9067: $? = 0
configure:9140: gcc -o conftest -g -O2 -fno-strict-aliasing   conftest.c  >&5
configure:9140: $? = 0
configure:9140: ./conftest
configure:9140: $? = 0
configure:9151: result: yes
configure:9164: checking for sys/types.h
configure:9164: gcc -c -g -O2 -fno-strict-aliasing  conftest.c >&5
configure:9164: $? = 0
configure:9164: result: yes
configure:9164: checking for sys/stat.h
configure:9164: gcc -c -g -O2 -fno-strict-aliasing  conftest.c >&5
configure:9164: $? = 0
configure:9164: result: yes
configure:9164: checking for stdlib.h
configure:9164: gcc -c -g -O2 -fno-strict-aliasing  conftest.c >&5
configure:9164: $? = 0
configure:9164: result: yes
configure:9164: checking for string.h
configure:9164: gcc -c -g -O2 -fno-strict-aliasing  conftest.c >&5
configure:9164: $? = 0
configure:9164: result: yes
configure:9164: checking for memory.h
configure:9164: gcc -c -g -O2 -fno-strict-aliasing  conftest.c >&5
configure:9164: $? = 0
configure:9164: result: yes
configure:9164: checking for strings.h
configure:9164: gcc -c -g -O2 -fno-strict-aliasing  conftest.c >&5
configure:9164: $? = 0
configure:9164: result: yes
configure:9164: checking for inttypes.h
configure:9164: gcc -c -g -O2 -fno-strict-aliasing  conftest.c >&5
configure:9164: $? = 0
configure:9164: result: yes
configure:9164: checking for stdint.h
configure:9164: gcc -c -g -O2 -fno-strict-aliasing  conftest.c >&5
configure:9164: $? = 0
configure:9164: result: yes
configure:9164: checking for unistd.h
configure:9164: gcc -c -g -O2 -fno-strict-aliasing  conftest.c >&5
configure:9164: $? = 0
configure:9164: result: yes
configure:9178: checking for dlfcn.h
configure:9178: gcc -c -g -O2 -fno-strict-aliasing  conftest.c >&5
configure:9178: $? = 0
configure:9178: result: yes
configure:9363: checking for objdir
configure:9378: result: .libs
configure:9649: checking if gcc supports -fno-rtti -fno-exceptions
configure:9667: gcc -c -g -O2 -fno-strict-aliasing  -fno-rtti -fno-exceptions conftest.c >&5
configure:9671: $? = 0
configure:9684: result: yes
configure:10032: checking for gcc option to produce PIC
configure:10039: result: -fno-common -DPIC
configure:10047: checking if gcc PIC flag -fno-common -DPIC works
configure:10065: gcc -c -g -O2 -fno-strict-aliasing  -fno-common -DPIC -DPIC conftest.c >&5
configure:10069: $? = 0
configure:10082: result: yes
configure:10111: checking if gcc static flag -static works
configure:10139: result: no
configure:10154: checking if gcc supports -c -o file.o
configure:10175: gcc -c -g -O2 -fno-strict-aliasing  -o out/conftest2.o conftest.c >&5
configure:10179: $? = 0
configure:10201: result: yes
configure:10209: checking if gcc supports -c -o file.o
configure:10256: result: yes
configure:10289: checking whether the gcc linker (/Library/Developer/CommandLineTools/usr/bin/ld) supports shared libraries
configure:11437: result: yes
configure:11677: checking dynamic linker characteristics
configure:12415: result: darwin18.2.0 dyld
configure:12522: checking how to hardcode library paths into programs
configure:12547: result: immediate
configure:13095: checking whether stripping libraries is possible
configure:13109: result: yes
configure:13135: checking if libtool supports shared libraries
configure:13137: result: yes
configure:13140: checking whether to build shared libraries
configure:13161: result: yes
configure:13164: checking whether to build static libraries
configure:13168: result: yes
configure:13191: checking how to run the C++ preprocessor
configure:13218: g++ -E  conftest.cpp
configure:13218: $? = 0
configure:13232: g++ -E  conftest.cpp
conftest.cpp:27:10: fatal error: 'ac_nonexistent.h' file not found
#include <ac_nonexistent.h>
         ^~~~~~~~~~~~~~~~~~
1 error generated.
configure:13232: $? = 1
configure: failed program was:
| /* confdefs.h */
| #define PACKAGE_NAME "gc"
| #define PACKAGE_TARNAME "gc"
| #define PACKAGE_VERSION "7.2"
| #define PACKAGE_STRING "gc 7.2"
| #define PACKAGE_BUGREPORT "bdwgc@lists.opendylan.org"
| #define PACKAGE_URL ""
| #define GC_VERSION_MAJOR 7
| #define GC_VERSION_MINOR 2
| #define PACKAGE "gc"
| #define VERSION "7.2"
| #define GC_DARWIN_THREADS 1
| #define THREAD_LOCAL_ALLOC 1
| #define STDC_HEADERS 1
| #define HAVE_SYS_TYPES_H 1
| #define HAVE_SYS_STAT_H 1
| #define HAVE_STDLIB_H 1
| #define HAVE_STRING_H 1
| #define HAVE_MEMORY_H 1
| #define HAVE_STRINGS_H 1
| #define HAVE_INTTYPES_H 1
| #define HAVE_STDINT_H 1
| #define HAVE_UNISTD_H 1
| #define HAVE_DLFCN_H 1
| #define LT_OBJDIR ".libs/"
| /* end confdefs.h.  */
| #include <ac_nonexistent.h>
configure:13257: result: g++ -E
configure:13277: g++ -E  conftest.cpp
configure:13277: $? = 0
configure:13291: g++ -E  conftest.cpp
conftest.cpp:27:10: fatal error: 'ac_nonexistent.h' file not found
#include <ac_nonexistent.h>
         ^~~~~~~~~~~~~~~~~~
1 error generated.
configure:13291: $? = 1
configure: failed program was:
| /* confdefs.h */
| #define PACKAGE_NAME "gc"
| #define PACKAGE_TARNAME "gc"
| #define PACKAGE_VERSION "7.2"
| #define PACKAGE_STRING "gc 7.2"
| #define PACKAGE_BUGREPORT "bdwgc@lists.opendylan.org"
| #define PACKAGE_URL ""
| #define GC_VERSION_MAJOR 7
| #define GC_VERSION_MINOR 2
| #define PACKAGE "gc"
| #define VERSION "7.2"
| #define GC_DARWIN_THREADS 1
| #define THREAD_LOCAL_ALLOC 1
| #define STDC_HEADERS 1
| #define HAVE_SYS_TYPES_H 1
| #define HAVE_SYS_STAT_H 1
| #define HAVE_STDLIB_H 1
| #define HAVE_STRING_H 1
| #define HAVE_MEMORY_H 1
| #define HAVE_STRINGS_H 1
| #define HAVE_INTTYPES_H 1
| #define HAVE_STDINT_H 1
| #define HAVE_UNISTD_H 1
| #define HAVE_DLFCN_H 1
| #define LT_OBJDIR ".libs/"
| /* end confdefs.h.  */
| #include <ac_nonexistent.h>
configure:13460: checking for ld used by g++
configure:13527: result: /Library/Developer/CommandLineTools/usr/bin/ld
configure:13534: checking if the linker (/Library/Developer/CommandLineTools/usr/bin/ld) is GNU ld
configure:13549: result: no
configure:13604: checking whether the g++ linker (/Library/Developer/CommandLineTools/usr/bin/ld) supports shared libraries
configure:14602: result: yes
configure:14638: g++ -c -g -O2  conftest.cpp >&5
configure:14641: $? = 0
configure:15162: checking for g++ option to produce PIC
configure:15169: result: -fno-common -DPIC
configure:15177: checking if g++ PIC flag -fno-common -DPIC works
configure:15195: g++ -c -g -O2  -fno-common -DPIC -DPIC conftest.cpp >&5
configure:15199: $? = 0
configure:15212: result: yes
configure:15235: checking if g++ static flag -static works
configure:15263: result: no
configure:15275: checking if g++ supports -c -o file.o
configure:15296: g++ -c -g -O2  -o out/conftest2.o conftest.cpp >&5
configure:15300: $? = 0
configure:15322: result: yes
configure:15327: checking if g++ supports -c -o file.o
configure:15374: result: yes
configure:15404: checking whether the g++ linker (/Library/Developer/CommandLineTools/usr/bin/ld) supports shared libraries
configure:15440: result: yes
configure:15581: checking dynamic linker characteristics
configure:16246: result: darwin18.2.0 dyld
configure:16299: checking how to hardcode library paths into programs
configure:16324: result: immediate
configure:16410: checking whether Solaris gcc optimization fix is necessary
configure:16433: result: no
configure:16561: checking sys/dg_sys_info.h usability
configure:16561: gcc -c -g -O2 -fno-strict-aliasing  conftest.c >&5
conftest.c:63:10: fatal error: 'sys/dg_sys_info.h' file not found
#include <sys/dg_sys_info.h>
         ^~~~~~~~~~~~~~~~~~~
1 error generated.
configure:16561: $? = 1
configure: failed program was:
| /* confdefs.h */
| #define PACKAGE_NAME "gc"
| #define PACKAGE_TARNAME "gc"
| #define PACKAGE_VERSION "7.2"
| #define PACKAGE_STRING "gc 7.2"
| #define PACKAGE_BUGREPORT "bdwgc@lists.opendylan.org"
| #define PACKAGE_URL ""
| #define GC_VERSION_MAJOR 7
| #define GC_VERSION_MINOR 2
| #define PACKAGE "gc"
| #define VERSION "7.2"
| #define GC_DARWIN_THREADS 1
| #define THREAD_LOCAL_ALLOC 1
| #define STDC_HEADERS 1
| #define HAVE_SYS_TYPES_H 1
| #define HAVE_SYS_STAT_H 1
| #define HAVE_STDLIB_H 1
| #define HAVE_STRING_H 1
| #define HAVE_MEMORY_H 1
| #define HAVE_STRINGS_H 1
| #define HAVE_INTTYPES_H 1
| #define HAVE_STDINT_H 1
| #define HAVE_UNISTD_H 1
| #define HAVE_DLFCN_H 1
| #define LT_OBJDIR ".libs/"
| #define NO_EXECUTE_PERMISSION 1
| #define ALL_INTERIOR_POINTERS 1
| #define GC_GCJ_SUPPORT 1
| /* end confdefs.h.  */
| #include <stdio.h>
| #ifdef HAVE_SYS_TYPES_H
| # include <sys/types.h>
| #endif
| #ifdef HAVE_SYS_STAT_H
| # include <sys/stat.h>
| #endif
| #ifdef STDC_HEADERS
| # include <stdlib.h>
| # include <stddef.h>
| #else
| # ifdef HAVE_STDLIB_H
| #  include <stdlib.h>
| # endif
| #endif
| #ifdef HAVE_STRING_H
| # if !defined STDC_HEADERS && defined HAVE_MEMORY_H
| #  include <memory.h>
| # endif
| # include <string.h>
| #endif
| #ifdef HAVE_STRINGS_H
| # include <strings.h>
| #endif
| #ifdef HAVE_INTTYPES_H
| # include <inttypes.h>
| #endif
| #ifdef HAVE_STDINT_H
| # include <stdint.h>
| #endif
| #ifdef HAVE_UNISTD_H
| # include <unistd.h>
| #endif
| #include <sys/dg_sys_info.h>
configure:16561: result: no
configure:16561: checking sys/dg_sys_info.h presence
configure:16561: gcc -E  conftest.c
conftest.c:30:10: fatal error: 'sys/dg_sys_info.h' file not found
#include <sys/dg_sys_info.h>
         ^~~~~~~~~~~~~~~~~~~
1 error generated.
configure:16561: $? = 1
configure: failed program was:
| /* confdefs.h */
| #define PACKAGE_NAME "gc"
| #define PACKAGE_TARNAME "gc"
| #define PACKAGE_VERSION "7.2"
| #define PACKAGE_STRING "gc 7.2"
| #define PACKAGE_BUGREPORT "bdwgc@lists.opendylan.org"
| #define PACKAGE_URL ""
| #define GC_VERSION_MAJOR 7
| #define GC_VERSION_MINOR 2
| #define PACKAGE "gc"
| #define VERSION "7.2"
| #define GC_DARWIN_THREADS 1
| #define THREAD_LOCAL_ALLOC 1
| #define STDC_HEADERS 1
| #define HAVE_SYS_TYPES_H 1
| #define HAVE_SYS_STAT_H 1
| #define HAVE_STDLIB_H 1
| #define HAVE_STRING_H 1
| #define HAVE_MEMORY_H 1
| #define HAVE_STRINGS_H 1
| #define HAVE_INTTYPES_H 1
| #define HAVE_STDINT_H 1
| #define HAVE_UNISTD_H 1
| #define HAVE_DLFCN_H 1
| #define LT_OBJDIR ".libs/"
| #define NO_EXECUTE_PERMISSION 1
| #define ALL_INTERIOR_POINTERS 1
| #define GC_GCJ_SUPPORT 1
| /* end confdefs.h.  */
| #include <sys/dg_sys_info.h>
configure:16561: result: no
configure:16561: checking for sys/dg_sys_info.h
configure:16561: result: no
configure:16793: checking for pkg-config
configure:16826: result: no
configure:16862: checking for ATOMIC_OPS
configure:16924: result: no
configure:16946: checking which libatomic_ops to use
configure:16954: result: internal
configure:17095: checking that generated files are newer than configure
configure:17101: result: done
configure:17188: creating ./config.status

## ---------------------- ##
## Running config.status. ##
## ---------------------- ##

This file was extended by gc config.status 7.2, which was
generated by GNU Autoconf 2.69.  Invocation command line was

  CONFIG_FILES    = 
  CONFIG_HEADERS  = 
  CONFIG_LINKS    = 
  CONFIG_COMMANDS = 
  $ ./config.status 

on client-eduroam375.canalip.upmc.fr

config.status:1210: creating Makefile
config.status:1210: creating bdw-gc.pc
config.status:1210: creating include/private/config.h
config.status:1439: executing depfiles commands
config.status:1439: executing libtool commands
config.status:1439: executing default commands
configure:19598: === configuring in libatomic_ops (/Users/julienxavier/eclipse-workspace/ILP-UPMC/C/gc-7.2/libatomic_ops)
configure:19661: running /bin/sh ./configure --disable-option-checking '--prefix=/usr/local'  --cache-file=/dev/null --srcdir=.

## ---------------- ##
## Cache variables. ##
## ---------------- ##

ac_cv_build=x86_64-apple-darwin18.2.0
ac_cv_c_compiler_gnu=yes
ac_cv_c_inline=inline
ac_cv_cxx_compiler_gnu=yes
ac_cv_env_ATOMIC_OPS_CFLAGS_set=
ac_cv_env_ATOMIC_OPS_CFLAGS_value=
ac_cv_env_ATOMIC_OPS_LIBS_set=
ac_cv_env_ATOMIC_OPS_LIBS_value=
ac_cv_env_CCASFLAGS_set=
ac_cv_env_CCASFLAGS_value=
ac_cv_env_CCAS_set=
ac_cv_env_CCAS_value=
ac_cv_env_CCC_set=
ac_cv_env_CCC_value=
ac_cv_env_CC_set=
ac_cv_env_CC_value=
ac_cv_env_CFLAGS_set=
ac_cv_env_CFLAGS_value=
ac_cv_env_CPPFLAGS_set=
ac_cv_env_CPPFLAGS_value=
ac_cv_env_CPP_set=
ac_cv_env_CPP_value=
ac_cv_env_CXXCPP_set=
ac_cv_env_CXXCPP_value=
ac_cv_env_CXXFLAGS_set=
ac_cv_env_CXXFLAGS_value=
ac_cv_env_CXX_set=
ac_cv_env_CXX_value=
ac_cv_env_LDFLAGS_set=
ac_cv_env_LDFLAGS_value=
ac_cv_env_LIBS_set=
ac_cv_env_LIBS_value=
ac_cv_env_PKG_CONFIG_LIBDIR_set=
ac_cv_env_PKG_CONFIG_LIBDIR_value=
ac_cv_env_PKG_CONFIG_PATH_set=
ac_cv_env_PKG_CONFIG_PATH_value=
ac_cv_env_PKG_CONFIG_set=
ac_cv_env_PKG_CONFIG_value=
ac_cv_env_build_alias_set=
ac_cv_env_build_alias_value=
ac_cv_env_host_alias_set=
ac_cv_env_host_alias_value=
ac_cv_env_target_alias_set=
ac_cv_env_target_alias_value=
ac_cv_fno_strict_aliasing=yes
ac_cv_header_dlfcn_h=yes
ac_cv_header_inttypes_h=yes
ac_cv_header_memory_h=yes
ac_cv_header_stdc=yes
ac_cv_header_stdint_h=yes
ac_cv_header_stdlib_h=yes
ac_cv_header_string_h=yes
ac_cv_header_strings_h=yes
ac_cv_header_sys_dg_sys_info_h=no
ac_cv_header_sys_stat_h=yes
ac_cv_header_sys_types_h=yes
ac_cv_header_unistd_h=yes
ac_cv_host=x86_64-apple-darwin18.2.0
ac_cv_lib_pthread_pthread_self=yes
ac_cv_objext=o
ac_cv_path_EGREP='/usr/bin/grep -E'
ac_cv_path_FGREP='/usr/bin/grep -F'
ac_cv_path_GREP=/usr/bin/grep
ac_cv_path_SED=/usr/bin/sed
ac_cv_path_install='/usr/bin/install -c'
ac_cv_prog_AWK=awk
ac_cv_prog_CPP='gcc -E'
ac_cv_prog_CXXCPP='g++ -E'
ac_cv_prog_ac_ct_AR=ar
ac_cv_prog_ac_ct_CC=gcc
ac_cv_prog_ac_ct_CXX=g++
ac_cv_prog_ac_ct_DSYMUTIL=dsymutil
ac_cv_prog_ac_ct_LIPO=lipo
ac_cv_prog_ac_ct_NMEDIT=nmedit
ac_cv_prog_ac_ct_OBJDUMP=objdump
ac_cv_prog_ac_ct_OTOOL=otool
ac_cv_prog_ac_ct_RANLIB=ranlib
ac_cv_prog_ac_ct_STRIP=strip
ac_cv_prog_cc_c89=
ac_cv_prog_cc_g=yes
ac_cv_prog_cxx_g=yes
ac_cv_prog_make_make_set=yes
ac_cv_target=x86_64-apple-darwin18.2.0
am_cv_CCAS_dependencies_compiler_type=gcc3
am_cv_CC_dependencies_compiler_type=gcc3
am_cv_CXX_dependencies_compiler_type=gcc3
am_cv_make_support_nested_variables=yes
am_cv_prog_cc_c_o=yes
lt_cv_apple_cc_single_mod=yes
lt_cv_ar_at_file=no
lt_cv_deplibs_check_method=pass_all
lt_cv_file_magic_cmd='$MAGIC_CMD'
lt_cv_file_magic_test_file=
lt_cv_ld_exported_symbols_list=yes
lt_cv_ld_force_load=yes
lt_cv_ld_reload_flag=-r
lt_cv_nm_interface='BSD nm'
lt_cv_objdir=.libs
lt_cv_path_LD=/Library/Developer/CommandLineTools/usr/bin/ld
lt_cv_path_LDCXX=/Library/Developer/CommandLineTools/usr/bin/ld
lt_cv_path_NM='/usr/bin/nm -B'
lt_cv_path_mainfest_tool=no
lt_cv_prog_compiler_c_o=yes
lt_cv_prog_compiler_c_o_CXX=yes
lt_cv_prog_compiler_pic='-fno-common -DPIC'
lt_cv_prog_compiler_pic_CXX='-fno-common -DPIC'
lt_cv_prog_compiler_pic_works=yes
lt_cv_prog_compiler_pic_works_CXX=yes
lt_cv_prog_compiler_rtti_exceptions=yes
lt_cv_prog_compiler_static_works=no
lt_cv_prog_compiler_static_works_CXX=no
lt_cv_prog_gnu_ld=no
lt_cv_prog_gnu_ldcxx=no
lt_cv_sharedlib_from_linklib_cmd='printf %s\n'
lt_cv_sys_global_symbol_pipe='sed -n -e '\''s/^.*[	 ]\([BCDEGRST][BCDEGRST]*\)[	 ][	 ]*_\([_A-Za-z][_A-Za-z0-9]*\)$/\1 _\2 \2/p'\'' | sed '\''/ __gnu_lto/d'\'''
lt_cv_sys_global_symbol_to_c_name_address='sed -n -e '\''s/^: \(.*\) .*$/  {"\1", (void *) 0},/p'\'' -e '\''s/^[BCDEGRST][BCDEGRST]* .* \(.*\)$/  {"\1", (void *) \&\1},/p'\'''
lt_cv_sys_global_symbol_to_c_name_address_lib_prefix='sed -n -e '\''s/^: \(.*\) .*$/  {"\1", (void *) 0},/p'\'' -e '\''s/^[BCDEGRST][BCDEGRST]* .* \(lib.*\)$/  {"\1", (void *) \&\1},/p'\'' -e '\''s/^[BCDEGRST][BCDEGRST]* .* \(.*\)$/  {"lib\1", (void *) \&\1},/p'\'''
lt_cv_sys_global_symbol_to_cdecl='sed -n -e '\''s/^T .* \(.*\)$/extern int \1();/p'\'' -e '\''s/^[BCDEGRST][BCDEGRST]* .* \(.*\)$/extern char \1;/p'\'''
lt_cv_sys_global_symbol_to_import=
lt_cv_sys_max_cmd_len=196608
lt_cv_to_host_file_cmd=func_convert_file_noop
lt_cv_to_tool_file_cmd=func_convert_file_noop

## ----------------- ##
## Output variables. ##
## ----------------- ##

ACLOCAL='${SHELL} /Users/julienxavier/eclipse-workspace/ILP-UPMC/C/gc-7.2/missing aclocal-1.14'
AMDEPBACKSLASH='\'
AMDEP_FALSE='#'
AMDEP_TRUE=''
AMTAR='$${TAR-tar}'
AM_BACKSLASH='\'
AM_CFLAGS=''
AM_CPPFLAGS=''
AM_DEFAULT_V='$(AM_DEFAULT_VERBOSITY)'
AM_DEFAULT_VERBOSITY='1'
AM_V='$(V)'
AR='ar'
ATOMIC_OPS_CFLAGS='-I$(top_builddir)/libatomic_ops/src -I$(top_srcdir)/libatomic_ops/src'
ATOMIC_OPS_LIBS=''
AUTOCONF='${SHELL} /Users/julienxavier/eclipse-workspace/ILP-UPMC/C/gc-7.2/missing autoconf'
AUTOHEADER='${SHELL} /Users/julienxavier/eclipse-workspace/ILP-UPMC/C/gc-7.2/missing autoheader'
AUTOMAKE='${SHELL} /Users/julienxavier/eclipse-workspace/ILP-UPMC/C/gc-7.2/missing automake-1.14'
AVOID_CPP_LIB_FALSE=''
AVOID_CPP_LIB_TRUE='#'
AWK='awk'
CC='gcc'
CCAS='gcc'
CCASDEPMODE='depmode=gcc3'
CCASFLAGS='-g -O2'
CCDEPMODE='depmode=gcc3'
CFLAGS='-g -O2 -fno-strict-aliasing'
COMPILER_XLC_FALSE=''
COMPILER_XLC_TRUE='#'
CPLUSPLUS_FALSE=''
CPLUSPLUS_TRUE='#'
CPP='gcc -E'
CPPFLAGS=''
CXX='g++'
CXXCPP='g++ -E'
CXXDEPMODE='depmode=gcc3'
CXXFLAGS='-g -O2'
CYGPATH_W='echo'
DARWIN_THREADS_FALSE='#'
DARWIN_THREADS_TRUE=''
DEFS='-DHAVE_CONFIG_H'
DEPDIR='.deps'
DLLTOOL='false'
DSYMUTIL='dsymutil'
DUMPBIN=''
ECHO_C='\c'
ECHO_N=''
ECHO_T=''
EGREP='/usr/bin/grep -E'
ENABLE_GCJ_SUPPORT_FALSE='#'
ENABLE_GCJ_SUPPORT_TRUE=''
EXEEXT=''
EXTRA_TEST_LIBS=''
FGREP='/usr/bin/grep -F'
GC_CFLAGS=' -fexceptions'
GC_VERSION=''
GREP='/usr/bin/grep'
INSTALL_DATA='${INSTALL} -m 644'
INSTALL_PROGRAM='${INSTALL}'
INSTALL_SCRIPT='${INSTALL}'
INSTALL_STRIP_PROGRAM='$(install_sh) -c -s'
KEEP_BACK_PTRS_FALSE=''
KEEP_BACK_PTRS_TRUE='#'
LD='/Library/Developer/CommandLineTools/usr/bin/ld'
LDFLAGS=''
LIBOBJS=''
LIBS=''
LIBTOOL='$(SHELL) $(top_builddir)/libtool'
LIPO='lipo'
LN_S='ln -s'
LTLIBOBJS=''
MAINT='#'
MAINTAINER_MODE_FALSE=''
MAINTAINER_MODE_TRUE='#'
MAKEINFO='${SHELL} /Users/julienxavier/eclipse-workspace/ILP-UPMC/C/gc-7.2/missing makeinfo'
MANIFEST_TOOL=':'
MKDIR_P='./install-sh -c -d'
NEED_ATOMIC_OPS_ASM_FALSE=''
NEED_ATOMIC_OPS_ASM_TRUE='#'
NM='/usr/bin/nm -B'
NMEDIT='nmedit'
OBJDUMP='objdump'
OBJEXT='o'
OPENBSD_THREADS_FALSE=''
OPENBSD_THREADS_TRUE='#'
OTOOL64=':'
OTOOL='otool'
PACKAGE='gc'
PACKAGE_BUGREPORT='bdwgc@lists.opendylan.org'
PACKAGE_NAME='gc'
PACKAGE_STRING='gc 7.2'
PACKAGE_TARNAME='gc'
PACKAGE_URL=''
PACKAGE_VERSION='7.2'
PATH_SEPARATOR=':'
PKG_CONFIG=''
PKG_CONFIG_LIBDIR=''
PKG_CONFIG_PATH=''
PTHREADS_FALSE='#'
PTHREADS_TRUE=''
RANLIB='ranlib'
SED='/usr/bin/sed'
SET_MAKE=''
SHELL='/bin/sh'
STRIP='strip'
THREADDLLIBS='-lpthread'
THREADS_FALSE='#'
THREADS_TRUE=''
UNWINDLIBS=''
USE_INTERNAL_LIBATOMIC_OPS_FALSE='#'
USE_INTERNAL_LIBATOMIC_OPS_TRUE=''
USE_LIBDIR_FALSE='#'
USE_LIBDIR_TRUE=''
VERSION='7.2'
WIN32_THREADS_FALSE=''
WIN32_THREADS_TRUE='#'
ac_ct_AR='ar'
ac_ct_CC='gcc'
ac_ct_CXX='g++'
ac_ct_DUMPBIN=''
addlibs=''
addobjs=' mach_dep.lo'
am__EXEEXT_FALSE=''
am__EXEEXT_TRUE='#'
am__fastdepCCAS_FALSE='#'
am__fastdepCCAS_TRUE=''
am__fastdepCC_FALSE='#'
am__fastdepCC_TRUE=''
am__fastdepCXX_FALSE='#'
am__fastdepCXX_TRUE=''
am__include='include'
am__isrc=''
am__leading_dot='.'
am__nodep='_no'
am__quote=''
am__tar='$${TAR-tar} chof - "$$tardir"'
am__untar='$${TAR-tar} xf -'
bindir='${exec_prefix}/bin'
build='x86_64-apple-darwin18.2.0'
build_alias=''
build_cpu='x86_64'
build_os='darwin18.2.0'
build_vendor='apple'
datadir='${datarootdir}'
datarootdir='${prefix}/share'
docdir='${datarootdir}/doc/${PACKAGE_TARNAME}'
dvidir='${docdir}'
exec_prefix='${prefix}'
extra_ldflags_libgc='-Wl,-single_module'
host='x86_64-apple-darwin18.2.0'
host_alias=''
host_cpu='x86_64'
host_os='darwin18.2.0'
host_vendor='apple'
htmldir='${docdir}'
includedir='${prefix}/include'
infodir='${datarootdir}/info'
install_sh='${SHELL} /Users/julienxavier/eclipse-workspace/ILP-UPMC/C/gc-7.2/install-sh'
libdir='${exec_prefix}/lib'
libexecdir='${exec_prefix}/libexec'
localedir='${datarootdir}/locale'
localstatedir='${prefix}/var'
mandir='${datarootdir}/man'
mkdir_p='$(MKDIR_P)'
oldincludedir='/usr/include'
pdfdir='${docdir}'
prefix='/usr/local'
program_transform_name='s,x,x,'
psdir='${docdir}'
sbindir='${exec_prefix}/sbin'
sharedstatedir='${prefix}/com'
subdirs=' libatomic_ops'
sysconfdir='${prefix}/etc'
target='x86_64-apple-darwin18.2.0'
target_alias=''
target_all='libgc.la'
target_cpu='x86_64'
target_os='darwin18.2.0'
target_vendor='apple'

## ----------- ##
## confdefs.h. ##
## ----------- ##

/* confdefs.h */
#define PACKAGE_NAME "gc"
#define PACKAGE_TARNAME "gc"
#define PACKAGE_VERSION "7.2"
#define PACKAGE_STRING "gc 7.2"
#define PACKAGE_BUGREPORT "bdwgc@lists.opendylan.org"
#define PACKAGE_URL ""
#define GC_VERSION_MAJOR 7
#define GC_VERSION_MINOR 2
#define PACKAGE "gc"
#define VERSION "7.2"
#define GC_DARWIN_THREADS 1
#define THREAD_LOCAL_ALLOC 1
#define STDC_HEADERS 1
#define HAVE_SYS_TYPES_H 1
#define HAVE_SYS_STAT_H 1
#define HAVE_STDLIB_H 1
#define HAVE_STRING_H 1
#define HAVE_MEMORY_H 1
#define HAVE_STRINGS_H 1
#define HAVE_INTTYPES_H 1
#define HAVE_STDINT_H 1
#define HAVE_UNISTD_H 1
#define HAVE_DLFCN_H 1
#define LT_OBJDIR ".libs/"
#define NO_EXECUTE_PERMISSION 1
#define ALL_INTERIOR_POINTERS 1
#define GC_GCJ_SUPPORT 1
#define JAVA_FINALIZATION 1
#define ATOMIC_UNCOLLECTABLE 1

configure: exit 0
